mode: set
github.com/adalgisoabercio19/submission_student_routes/main.go:22.19,33.2 7 1
github.com/adalgisoabercio19/submission_student_routes/main.go:36.40,39.2 1 1
github.com/adalgisoabercio19/submission_student_routes/main.go:42.39,45.35 2 1
github.com/adalgisoabercio19/submission_student_routes/main.go:45.35,46.37 1 1
github.com/adalgisoabercio19/submission_student_routes/main.go:46.37,48.4 1 0
github.com/adalgisoabercio19/submission_student_routes/main.go:51.2,51.40 1 1
github.com/adalgisoabercio19/submission_student_routes/main.go:55.42,59.40 2 1
github.com/adalgisoabercio19/submission_student_routes/main.go:59.40,61.3 1 0
github.com/adalgisoabercio19/submission_student_routes/main.go:62.2,63.44 2 1
github.com/adalgisoabercio19/submission_student_routes/main.go:67.42,71.47 3 1
github.com/adalgisoabercio19/submission_student_routes/main.go:71.47,73.3 1 0
github.com/adalgisoabercio19/submission_student_routes/main.go:75.2,75.35 1 1
github.com/adalgisoabercio19/submission_student_routes/main.go:75.35,76.37 1 1
github.com/adalgisoabercio19/submission_student_routes/main.go:76.37,79.4 2 0
github.com/adalgisoabercio19/submission_student_routes/main.go:82.2,82.40 1 1
github.com/adalgisoabercio19/submission_student_routes/main.go:86.42,90.35 2 1
github.com/adalgisoabercio19/submission_student_routes/main.go:90.35,91.37 1 1
github.com/adalgisoabercio19/submission_student_routes/main.go:91.37,94.4 2 0
github.com/adalgisoabercio19/submission_student_routes/main.go:97.2,97.47 1 1
